{
  "stats": {
    "suites": 1,
    "tests": 1,
    "passes": 1,
    "pending": 0,
    "failures": 0,
    "start": "2023-10-11T17:35:18.165Z",
    "end": "2023-10-11T17:35:22.411Z",
    "duration": 4246,
    "testsRegistered": 1,
    "passPercent": 100,
    "pendingPercent": 0,
    "other": 0,
    "hasOther": false,
    "skipped": 0,
    "hasSkipped": false
  },
  "results": [
    {
      "uuid": "65ce26b0-0b18-4d7c-b2f1-4ddd585c7df7",
      "title": "",
      "fullFile": "/Users/franciscorios/Documents/Workspace/selenium js/test1/test/index.js",
      "file": "/test/index.js",
      "beforeHooks": [],
      "afterHooks": [],
      "tests": [],
      "suites": [
        {
          "uuid": "bce04f7b-58c4-405a-9289-7768ecc658ab",
          "title": "Google Search",
          "fullFile": "/Users/franciscorios/Documents/Workspace/selenium js/test1/test/index.js",
          "file": "/test/index.js",
          "beforeHooks": [],
          "afterHooks": [],
          "tests": [
            {
              "title": "Google Search",
              "fullTitle": "Google Search Google Search",
              "timedOut": null,
              "duration": 4095,
              "state": "passed",
              "speed": "slow",
              "pass": true,
              "fail": false,
              "pending": false,
              "context": null,
              "code": "let driver = await new Builder().forBrowser('chrome').build();\ntry {\n  await driver.get('http://www.google.com/ncr');\n  await driver.findElement(By.name('q'))\n    .sendKeys('webdriver', Key.RETURN);\n  await driver.wait(until.titleIs('webdriver - Buscar con Google'), 1000);\n  let text = await driver.findElement(By.id('result-stats')).getText();\n  \n  //assert using chai\n  text.should.contains('Cerca de', 'resultados');\n} finally {\n  await driver.quit();\n}",
              "err": {},
              "uuid": "6ab337cb-1f2a-4eba-98e2-09a002702d1e",
              "parentUUID": null,
              "isHook": false,
              "skipped": false
            }
          ],
          "suites": [],
          "passes": [
            "6ab337cb-1f2a-4eba-98e2-09a002702d1e"
          ],
          "failures": [],
          "pending": [],
          "skipped": [],
          "duration": 4095,
          "root": false,
          "rootEmpty": false,
          "_timeout": null
        }
      ],
      "passes": [],
      "failures": [],
      "pending": [],
      "skipped": [],
      "duration": 0,
      "root": true,
      "rootEmpty": true,
      "_timeout": 0
    }
  ],
  "meta": {
    "mocha": {
      "version": "10.2.0"
    },
    "mochawesome": {
      "options": {
        "quiet": false,
        "reportFilename": "mochawesome",
        "saveHtml": true,
        "saveJson": true,
        "consoleReporter": "spec",
        "useInlineDiffs": false,
        "code": true
      },
      "version": "7.1.3"
    },
    "marge": {
      "options": null,
      "version": "6.2.0"
    }
  }
}